platforms2/android/build/outputs/logs/manifest-merger-debug-report.txt
-- Merging decision tree log ---
manifest
ADDED from platforms\android\AndroidManifest.xml:2:1-21:12
	package
		ADDED from platforms\android\AndroidManifest.xml:2:98-131
		INJECTED from platforms\android\AndroidManifest.xml
		INJECTED from platforms\android\AndroidManifest.xml
	android:versionName
		ADDED from platforms\android\AndroidManifest.xml:2:70-97
		INJECTED from platforms\android\AndroidManifest.xml
		INJECTED from platforms\android\AndroidManifest.xml
	android:hardwareAccelerated
		ADDED from platforms\android\AndroidManifest.xml:2:11-45
	android:versionCode
		ADDED from platforms\android\AndroidManifest.xml:2:46-69
		INJECTED from platforms\android\AndroidManifest.xml
		INJECTED from platforms\android\AndroidManifest.xml
	xmlns:android
		ADDED from platforms\android\AndroidManifest.xml:2:132-190
supports-screens
ADDED from platforms\android\AndroidManifest.xml:3:5-191
	android:largeScreens
		ADDED from platforms\android\AndroidManifest.xml:3:49-76
	android:smallScreens
		ADDED from platforms\android\AndroidManifest.xml:3:132-159
	android:normalScreens
		ADDED from platforms\android\AndroidManifest.xml:3:77-105
	android:xlargeScreens
		ADDED from platforms\android\AndroidManifest.xml:3:160-188
	android:resizeable
		ADDED from platforms\android\AndroidManifest.xml:3:106-131
	android:anyDensity
		ADDED from platforms\android\AndroidManifest.xml:3:23-48
application
ADDED from platforms\android\AndroidManifest.xml:4:5-11:19
	android:screenOrientation
		ADDED from platforms\android\AndroidManifest.xml:4:116-152
	android:label
		ADDED from platforms\android\AndroidManifest.xml:4:83-115
	android:supportsRtl
		ADDED from platforms\android\AndroidManifest.xml:4:153-179
	android:hardwareAccelerated
		ADDED from platforms\android\AndroidManifest.xml:4:18-52
	android:icon
		ADDED from platforms\android\AndroidManifest.xml:4:53-82
activity#com.taxiapp.controlador.MainActivity
ADDED from platforms\android\AndroidManifest.xml:5:9-10:20
	android:label
		ADDED from platforms\android\AndroidManifest.xml:5:97-134
	android:launchMode
		ADDED from platforms\android\AndroidManifest.xml:5:135-165
	android:windowSoftInputMode
		ADDED from platforms\android\AndroidManifest.xml:5:257-299
	android:configChanges
		ADDED from platforms\android\AndroidManifest.xml:5:19-96
	android:theme
		ADDED from platforms\android\AndroidManifest.xml:5:194-256
	android:name
		ADDED from platforms\android\AndroidManifest.xml:5:166-193
intent-filter#android.intent.action.MAIN+android.intent.category.LAUNCHER
ADDED from platforms\android\AndroidManifest.xml:6:13-9:29
	android:label
		ADDED from platforms\android\AndroidManifest.xml:6:28-65
action#android.intent.action.MAIN
ADDED from platforms\android\AndroidManifest.xml:7:17-69
	android:name
		ADDED from platforms\android\AndroidManifest.xml:7:25-66
category#android.intent.category.LAUNCHER
ADDED from platforms\android\AndroidManifest.xml:8:17-77
	android:name
		ADDED from platforms\android\AndroidManifest.xml:8:27-74
uses-sdk
ADDED from platforms\android\AndroidManifest.xml:12:5-74
MERGED from [android:CordovaLib:unspecified:debug] AndroidManifest.xml:25:5-44
	android:targetSdkVersion
		ADDED from platforms\android\AndroidManifest.xml:12:42-71
	android:minSdkVersion
		ADDED from platforms\android\AndroidManifest.xml:12:15-41
uses-permission#android.permission.WRITE_EXTERNAL_STORAGE
ADDED from platforms\android\AndroidManifest.xml:13:5-81
	android:name
		ADDED from platforms\android\AndroidManifest.xml:13:22-78
uses-permission#android.permission.RECORD_AUDIO
ADDED from platforms\android\AndroidManifest.xml:14:5-71
	android:name
		ADDED from platforms\android\AndroidManifest.xml:14:22-68
uses-permission#android.permission.MODIFY_AUDIO_SETTINGS
ADDED from platforms\android\AndroidManifest.xml:15:5-80
	android:name
		ADDED from platforms\android\AndroidManifest.xml:15:22-77
uses-permission#android.permission.READ_PHONE_STATE
ADDED from platforms\android\AndroidManifest.xml:16:5-75
	android:name
		ADDED from platforms\android\AndroidManifest.xml:16:22-72
uses-permission#android.permission.RECORD_VIDEO
ADDED from platforms\android\AndroidManifest.xml:17:5-71
	android:name
		ADDED from platforms\android\AndroidManifest.xml:17:22-68
uses-permission#android.permission.ACCESS_COARSE_LOCATION
ADDED from platforms\android\AndroidManifest.xml:18:5-81
	android:name
		ADDED from platforms\android\AndroidManifest.xml:18:22-78
uses-permission#android.permission.ACCESS_FINE_LOCATION
ADDED from platforms\android\AndroidManifest.xml:19:5-79
	android:name
		ADDED from platforms\android\AndroidManifest.xml:19:22-76
uses-permission#android.permission.INTERNET
ADDED from platforms\android\AndroidManifest.xml:20:5-67
	android:name
		ADDED from platforms\android\AndroidManifest.xml:20:22-64